optseq2
$Id: optseq2.c,v 2.22 2011/04/21 19:48:51 greve Exp $
NoSearch  = 0
nSearch  = 10000
nKeep    = 1
PctUpdate  = 10.000000
nCB1Opt  = 0
seed     = 496237
Ntp  = 210
TR   = 2
TPreScan   = 0
PSD Window   = 0 18 1
nEvTypes = 1
EvNo    Label Duration nRepsNom
 1        cue  1.500   80
PctVarEvReps = 0
VarEvRepsPerCond = 0
PolyOrder = -1
tNullMax = 10
tNullMin = 1.5
AR1 = 0
No refractory penalty
Cost = eff
OutStem = search
Summary File = search.sum

Pct nSrch MinSrch Cost Eff Cb1Err VRFAvg VRFStd VRFMin VRFMax VRFRange nSince

BeginUpdateLog
 0       1     0.0   1.43186  1.43186  0.0125  25.8113  1.03623  24.5154  28.555  4.03956 2917 0
 0       3     0.0   1.43186  1.43186  0.0125  25.8113  1.03623  24.5154  28.555  4.03956 2917 1
 0       3     0.0   1.43795  1.43795  0.0125  25.9175  0.991266  24.7316  28.3567  3.62515 2973 0
 0       7     0.0   1.43795  1.43795  0.0125  25.9175  0.991266  24.7316  28.3567  3.62515 2973 3
 0       7     0.0   1.4483  1.4483  0.0125  26.5466  3.68287  22.2822  32.7149  10.4327 2971 0
 0      17     0.0   1.4483  1.4483  0.0125  26.5466  3.68287  22.2822  32.7149  10.4327 2971 9
 0      17     0.0   1.45391  1.45391  0.0125  26.3205  2.0598  23.2724  30.7375  7.46518 3031 0
 0      52     0.0   1.45391  1.45391  0.0125  26.3205  2.0598  23.2724  30.7375  7.46518 3031 34
 0      52     0.0   1.46353  1.46353  0.0125  26.4376  1.64996  24.2647  30.0666  5.80185 2961 0
 0      54     0.0   1.46353  1.46353  0.0125  26.4376  1.64996  24.2647  30.0666  5.80185 2961 1
 0      54     0.0   1.4837  1.4837  0.0125  26.9729  2.77312  23.5113  31.3654  7.8541 2997 0
 0      63     0.0   1.4837  1.4837  0.0125  26.9729  2.77312  23.5113  31.3654  7.8541 2997 8
 0      63     0.0   1.49094  1.49094  0.0125  26.9048  1.42289  24.9563  30.6734  5.71715 3057 0
 1     117     0.0   1.49094  1.49094  0.0125  26.9048  1.42289  24.9563  30.6734  5.71715 3057 53
 1     117     0.0   1.49213  1.49213  0.0125  26.8865  0.904648  25.2625  29.3644  4.10188 2998 0
 2     255     0.0   1.49213  1.49213  0.0125  26.8865  0.904648  25.2625  29.3644  4.10188 2998 137
 2     255     0.0   1.49736  1.49736  0.0125  27.0171  1.36199  24.9703  29.0035  4.03322 3073 0
 2     265     0.0   1.49736  1.49736  0.0125  27.0171  1.36199  24.9703  29.0035  4.03322 3073 9
 2     265     0.0   1.50018  1.50018  0.0125  27.0656  1.33228  25.0689  29.4865  4.41758 2968 0
 4     402     0.0   1.50018  1.50018  0.0125  27.0656  1.33228  25.0689  29.4865  4.41758 2968 136
 4     402     0.0   1.50466  1.50466  0.0125  27.1711  1.59295  24.8565  29.9006  5.04406 3016 0
10    1054     0.0   1.50466  1.50466  0.0125  27.1711  1.59295  24.8565  29.9006  5.04406 3016 651
10    1054     0.0   1.50959  1.50959  0.0125  27.2418  1.4335  25.5153  30.5802  5.0649 3052 0
11    1100     0.0   1.50959  1.50959  0.0125  27.2418  1.4335  25.5153  30.5802  5.0649 3052 46
22    2200     0.0   1.50959  1.50959  0.0125  27.2418  1.4335  25.5153  30.5802  5.0649 3052 1146
33    3300     0.0   1.50959  1.50959  0.0125  27.2418  1.4335  25.5153  30.5802  5.0649 3052 2246
33    3391     0.0   1.50959  1.50959  0.0125  27.2418  1.4335  25.5153  30.5802  5.0649 3052 2336
33    3391     0.0   1.51182  1.51182  0.0125  27.2286  0.685334  26.1716  29.0086  2.83699 2980 0
44    4400     0.1   1.51182  1.51182  0.0125  27.2286  0.685334  26.1716  29.0086  2.83699 2980 1009
44    4412     0.1   1.51182  1.51182  0.0125  27.2286  0.685334  26.1716  29.0086  2.83699 2980 1020
44    4412     0.1   1.51189  1.51189  0.0125  27.2339  0.762387  25.9845  28.9422  2.95774 3012 0
55    5500     0.1   1.51189  1.51189  0.0125  27.2339  0.762387  25.9845  28.9422  2.95774 3012 1088
66    6600     0.1   1.51189  1.51189  0.0125  27.2339  0.762387  25.9845  28.9422  2.95774 3012 2188
68    6834     0.1   1.51189  1.51189  0.0125  27.2339  0.762387  25.9845  28.9422  2.95774 3012 2421
68    6834     0.1   1.521  1.521  0.0125  27.4394  1.35638  25.4506  30.8413  5.39067 3040 0
77    7700     0.1   1.521  1.521  0.0125  27.4394  1.35638  25.4506  30.8413  5.39067 3040 866
88    8800     0.1   1.521  1.521  0.0125  27.4394  1.35638  25.4506  30.8413  5.39067 3040 1966
99    9900     0.1   1.521  1.521  0.0125  27.4394  1.35638  25.4506  30.8413  5.39067 3040 3066
100   10000     0.1   1.521  1.521  0.0125  27.4394  1.35638  25.4506  30.8413  5.39067 3040 3166
EndUpdateLog

Done
